{
  "RSpec": {
    "coverage": {
      "/home/kas98/tmp/ruby/lab3/lib/action/add_cond.rb": {
        "lines": [
          null,
          null,
          1,
          1,
          1,
          null,
          null,
          null,
          null,
          1,
          1,
          1,
          null,
          null,
          1,
          2,
          null,
          2,
          null,
          null,
          null
        ]
      },
      "/home/kas98/tmp/ruby/lab3/lib/action/cond.rb": {
        "lines": [
          null,
          null,
          1,
          1,
          1,
          null,
          1,
          4,
          4,
          4,
          null,
          null,
          1,
          4,
          4,
          null,
          null,
          null
        ]
      },
      "/home/kas98/tmp/ruby/lab3/lib/person.rb": {
        "lines": [
          null,
          null,
          1,
          1,
          1,
          null,
          1,
          13,
          13,
          13,
          13,
          13,
          null,
          null,
          1,
          4,
          null,
          null,
          1,
          19,
          null,
          null,
          1,
          13,
          2,
          2,
          11,
          0,
          null,
          11,
          null,
          null,
          null,
          1,
          13,
          null,
          null,
          1,
          13,
          0,
          0,
          13,
          0,
          null,
          13,
          null,
          null,
          null
        ]
      },
      "/home/kas98/tmp/ruby/lab3/lib/action/effect.rb": {
        "lines": [
          null,
          null,
          1,
          1,
          1,
          null,
          1,
          5,
          5,
          null,
          null,
          1,
          4,
          4,
          null,
          null,
          null
        ]
      },
      "/home/kas98/tmp/ruby/lab3/lib/actions_container.rb": {
        "lines": [
          null,
          null,
          1,
          1,
          null,
          1,
          1,
          null,
          null,
          1,
          3,
          null,
          null
        ]
      },
      "/home/kas98/tmp/ruby/lab3/lib/action.rb": {
        "lines": [
          null,
          null,
          null,
          null,
          null,
          null,
          null,
          1,
          1,
          null,
          1,
          2,
          2,
          2,
          2,
          2,
          null,
          null,
          1,
          4,
          null,
          null,
          1,
          1,
          null,
          1,
          2,
          null,
          null
        ]
      }
    },
    "timestamp": 1609260654
  }
}
